# JRE version: OpenJDK Runtime Environment Temurin-21.0.11+10 (21.0.11+10) (build 21.0.11+10-LTS)
# Java VM: OpenJDK 64-Bit Server VM Temurin-21.0.11+10 (21.0.11+10-LTS, mixed mode, sharing, tiered, compressed oops, compressed class ptrs, parallel gc, windows-amd64)
GC Precious Log:
 CardTable entry size: 512
 CPUs: 4 total, 4 available
 Memory: 3783M
 Large Page Support: Disabled
 NUMA Support: Disabled
 Compressed Oops: Enabled (32-bit)
 Alignments: Space 512K, Generation 512K, Heap 2M
 Heap Min Capacity: 100M
 Heap Initial Capacity: 100M
 Heap Max Capacity: 2G
 Pre-touch: Disabled
 Parallel Workers: 4
Heap:
 PSYoungGen      total 5632K, used 1347K [0x00000000d5580000, 0x00000000d5b80000, 0x0000000100000000)
  eden space 5120K, 22% used [0x00000000d5580000,0x00000000d56a0ef8,0x00000000d5a80000)
  from space 512K, 37% used [0x00000000d5a80000,0x00000000d5ab0000,0x00000000d5b00000)
  to   space 512K, 0% used [0x00000000d5b00000,0x00000000d5b00000,0x00000000d5b80000)
 ParOldGen       total 1278976K, used 1278822K [0x0000000080000000, 0x00000000ce100000, 0x00000000d5580000)
  object space 1278976K, 99% used [0x0000000080000000,0x00000000ce0d9910,0x00000000ce100000)
 Metaspace       used 104465K, committed 106304K, reserved 1179648K
  class space    used 10411K, committed 11264K, reserved 1048576K
GC Heap History (20 events):
Event: 33758.976 GC heap before
{Heap before GC invocations=10087 (full 14):
 PSYoungGen      total 2560K, used 2197K [0x00000000d5580000, 0x00000000d5980000, 0x0000000100000000)
  eden space 2048K, 100% used [0x00000000d5580000,0x00000000d5780000,0x00000000d5780000)
  from space 512K, 29% used [0x00000000d5780000,0x00000000d57a5678,0x00000000d5800000)
  to   space 512K, 0% used [0x00000000d5900000,0x00000000d5900000,0x00000000d5980000)
 ParOldGen       total 1278464K, used 1278231K [0x0000000080000000, 0x00000000ce080000, 0x00000000d5580000)
  object space 1278464K, 99% used [0x0000000080000000,0x00000000ce045fa8,0x00000000ce080000)
 Metaspace       used 104463K, committed 106304K, reserved 1179648K
  class space    used 10411K, committed 11264K, reserved 1048576K
}
Event: 33758.980 GC heap after
{Heap after GC invocations=10087 (full 14):
 PSYoungGen      total 3072K, used 128K [0x00000000d5580000, 0x00000000d5980000, 0x0000000100000000)
  eden space 2560K, 0% used [0x00000000d5580000,0x00000000d5580000,0x00000000d5800000)
  from space 512K, 25% used [0x00000000d5900000,0x00000000d5920000,0x00000000d5980000)
  to   space 512K, 0% used [0x00000000d5880000,0x00000000d5880000,0x00000000d5900000)
 ParOldGen       total 1278464K, used 1278359K [0x0000000080000000, 0x00000000ce080000, 0x00000000d5580000)
  object space 1278464K, 99% used [0x0000000080000000,0x00000000ce065f30,0x00000000ce080000)
 Metaspace       used 104463K, committed 106304K, reserved 1179648K
  class space    used 10411K, committed 11264K, reserved 1048576K
}
Event: 33758.989 GC heap before
{Heap before GC invocations=10088 (full 14):
 PSYoungGen      total 3072K, used 2688K [0x00000000d5580000, 0x00000000d5980000, 0x0000000100000000)
  eden space 2560K, 100% used [0x00000000d5580000,0x00000000d5800000,0x00000000d5800000)
  from space 512K, 25% used [0x00000000d5900000,0x00000000d5920000,0x00000000d5980000)
  to   space 512K, 0% used [0x00000000d5880000,0x00000000d5880000,0x00000000d5900000)
 ParOldGen       total 1278464K, used 1278359K [0x0000000080000000, 0x00000000ce080000, 0x00000000d5580000)
  object space 1278464K, 99% used [0x0000000080000000,0x00000000ce065f30,0x00000000ce080000)
 Metaspace       used 104463K, committed 106304K, reserved 1179648K
  class space    used 10411K, committed 11264K, reserved 1048576K
}
Event: 33759.000 GC heap after
{Heap after GC invocations=10088 (full 14):
 PSYoungGen      total 3584K, used 256K [0x00000000d5580000, 0x00000000d5980000, 0x0000000100000000)
  eden space 3072K, 0% used [0x00000000d5580000,0x00000000d5580000,0x00000000d5880000)
  from space 512K, 50% used [0x00000000d5880000,0x00000000d58c0000,0x00000000d5900000)
  to   space 512K, 0% used [0x00000000d5900000,0x00000000d5900000,0x00000000d5980000)
 ParOldGen       total 1278464K, used 1278383K [0x0000000080000000, 0x00000000ce080000, 0x00000000d5580000)
  object space 1278464K, 99% used [0x0000000080000000,0x00000000ce06bf30,0x00000000ce080000)
 Metaspace       used 104463K, committed 106304K, reserved 1179648K
  class space    used 10411K, committed 11264K, reserved 1048576K
}
Event: 33759.008 GC heap before
{Heap before GC invocations=10089 (full 14):
 PSYoungGen      total 3584K, used 3327K [0x00000000d5580000, 0x00000000d5980000, 0x0000000100000000)
  eden space 3072K, 99% used [0x00000000d5580000,0x00000000d587fff0,0x00000000d5880000)
  from space 512K, 50% used [0x00000000d5880000,0x00000000d58c0000,0x00000000d5900000)
  to   space 512K, 0% used [0x00000000d5900000,0x00000000d5900000,0x00000000d5980000)
 ParOldGen       total 1278464K, used 1278383K [0x0000000080000000, 0x00000000ce080000, 0x00000000d5580000)
  object space 1278464K, 99% used [0x0000000080000000,0x00000000ce06bf30,0x00000000ce080000)
 Metaspace       used 104463K, committed 106304K, reserved 1179648K
  class space    used 10411K, committed 11264K, reserved 1048576K
}
Event: 33759.013 GC heap after
{Heap after GC invocations=10089 (full 14):
 PSYoungGen      total 3584K, used 128K [0x00000000d5580000, 0x00000000d5a80000, 0x0000000100000000)
  eden space 3072K, 0% used [0x00000000d5580000,0x00000000d5580000,0x00000000d5880000)
  from space 512K, 25% used [0x00000000d5900000,0x00000000d5920000,0x00000000d5980000)
  to   space 512K, 0% used [0x00000000d5880000,0x00000000d5880000,0x00000000d5900000)
 ParOldGen       total 1278976K, used 1278536K [0x0000000080000000, 0x00000000ce100000, 0x00000000d5580000)
  object space 1278976K, 99% used [0x0000000080000000,0x00000000ce092298,0x00000000ce100000)
 Metaspace       used 104463K, committed 106304K, reserved 1179648K
  class space    used 10411K, committed 11264K, reserved 1048576K
}
Event: 33759.063 GC heap before
{Heap before GC invocations=10090 (full 14):
 PSYoungGen      total 3584K, used 3200K [0x00000000d5580000, 0x00000000d5a80000, 0x0000000100000000)
  eden space 3072K, 100% used [0x00000000d5580000,0x00000000d5880000,0x00000000d5880000)
  from space 512K, 25% used [0x00000000d5900000,0x00000000d5920000,0x00000000d5980000)
  to   space 512K, 0% used [0x00000000d5880000,0x00000000d5880000,0x00000000d5900000)
 ParOldGen       total 1278976K, used 1278536K [0x0000000080000000, 0x00000000ce100000, 0x00000000d5580000)
  object space 1278976K, 99% used [0x0000000080000000,0x00000000ce092298,0x00000000ce100000)
 Metaspace       used 104463K, committed 106304K, reserved 1179648K
  class space    used 10411K, committed 11264K, reserved 1048576K
}
Event: 33759.067 GC heap after
{Heap after GC invocations=10090 (full 14):
 PSYoungGen      total 3584K, used 128K [0x00000000d5580000, 0x00000000d5a80000, 0x0000000100000000)
  eden space 3072K, 0% used [0x00000000d5580000,0x00000000d5580000,0x00000000d5880000)
  from space 512K, 25% used [0x00000000d5880000,0x00000000d58a0000,0x00000000d5900000)
  to   space 512K, 0% used [0x00000000d5a00000,0x00000000d5a00000,0x00000000d5a80000)
 ParOldGen       total 1278976K, used 1278560K [0x0000000080000000, 0x00000000ce100000, 0x00000000d5580000)
  object space 1278976K, 99% used [0x0000000080000000,0x00000000ce098298,0x00000000ce100000)
 Metaspace       used 104463K, committed 106304K, reserved 1179648K
  class space    used 10411K, committed 11264K, reserved 1048576K
}
Event: 33759.083 GC heap before
{Heap before GC invocations=10091 (full 14):
 PSYoungGen      total 3584K, used 3200K [0x00000000d5580000, 0x00000000d5a80000, 0x0000000100000000)
  eden space 3072K, 100% used [0x00000000d5580000,0x00000000d5880000,0x00000000d5880000)
  from space 512K, 25% used [0x00000000d5880000,0x00000000d58a0000,0x00000000d5900000)
  to   space 512K, 0% used [0x00000000d5a00000,0x00000000d5a00000,0x00000000d5a80000)
 ParOldGen       total 1278976K, used 1278560K [0x0000000080000000, 0x00000000ce100000, 0x00000000d5580000)
  object space 1278976K, 99% used [0x0000000080000000,0x00000000ce098298,0x00000000ce100000)
 Metaspace       used 104464K, committed 106304K, reserved 1179648K
  class space    used 10411K, committed 11264K, reserved 1048576K
}
Event: 33759.087 GC heap after
{Heap after GC invocations=10091 (full 14):
 PSYoungGen      total 4608K, used 213K [0x00000000d5580000, 0x00000000d5a80000, 0x0000000100000000)
  eden space 4096K, 0% used [0x00000000d5580000,0x00000000d5580000,0x00000000d5980000)
  from space 512K, 41% used [0x00000000d5a00000,0x00000000d5a35678,0x00000000d5a80000)
  to   space 512K, 0% used [0x00000000d5980000,0x00000000d5980000,0x00000000d5a00000)
 ParOldGen       total 1278976K, used 1278592K [0x0000000080000000, 0x00000000ce100000, 0x00000000d5580000)
  object space 1278976K, 99% used [0x0000000080000000,0x00000000ce0a0298,0x00000000ce100000)
 Metaspace       used 104464K, committed 106304K, reserved 1179648K
  class space    used 10411K, committed 11264K, reserved 1048576K
}
Event: 33759.111 GC heap before
{Heap before GC invocations=10092 (full 14):
 PSYoungGen      total 4608K, used 4309K [0x00000000d5580000, 0x00000000d5a80000, 0x0000000100000000)
  eden space 4096K, 100% used [0x00000000d5580000,0x00000000d5980000,0x00000000d5980000)
  from space 512K, 41% used [0x00000000d5a00000,0x00000000d5a35678,0x00000000d5a80000)
  to   space 512K, 0% used [0x00000000d5980000,0x00000000d5980000,0x00000000d5a00000)
 ParOldGen       total 1278976K, used 1278592K [0x0000000080000000, 0x00000000ce100000, 0x00000000d5580000)
  object space 1278976K, 99% used [0x0000000080000000,0x00000000ce0a0298,0x00000000ce100000)
 Metaspace       used 104464K, committed 106304K, reserved 1179648K
  class space    used 10411K, committed 11264K, reserved 1048576K
}
Event: 33759.117 GC heap after
{Heap after GC invocations=10092 (full 14):
 PSYoungGen      total 4608K, used 224K [0x00000000d5580000, 0x00000000d5b80000, 0x0000000100000000)
  eden space 4096K, 0% used [0x00000000d5580000,0x00000000d5580000,0x00000000d5980000)
  from space 512K, 43% used [0x00000000d5980000,0x00000000d59b8000,0x00000000d5a00000)
  to   space 512K, 0% used [0x00000000d5b00000,0x00000000d5b00000,0x00000000d5b80000)
 ParOldGen       total 1278976K, used 1278608K [0x0000000080000000, 0x00000000ce100000, 0x00000000d5580000)
  object space 1278976K, 99% used [0x0000000080000000,0x00000000ce0a4298,0x00000000ce100000)
 Metaspace       used 104464K, committed 106304K, reserved 1179648K
  class space    used 10411K, committed 11264K, reserved 1048576K
}
Event: 33759.140 GC heap before
{Heap before GC invocations=10093 (full 14):
 PSYoungGen      total 4608K, used 4320K [0x00000000d5580000, 0x00000000d5b80000, 0x0000000100000000)
  eden space 4096K, 100% used [0x00000000d5580000,0x00000000d5980000,0x00000000d5980000)
  from space 512K, 43% used [0x00000000d5980000,0x00000000d59b8000,0x00000000d5a00000)
  to   space 512K, 0% used [0x00000000d5b00000,0x00000000d5b00000,0x00000000d5b80000)
 ParOldGen       total 1278976K, used 1278608K [0x0000000080000000, 0x00000000ce100000, 0x00000000d5580000)
  object space 1278976K, 99% used [0x0000000080000000,0x00000000ce0a4298,0x00000000ce100000)
 Metaspace       used 104465K, committed 106304K, reserved 1179648K
  class space    used 10411K, committed 11264K, reserved 1048576K
}
Event: 33759.143 GC heap after
{Heap after GC invocations=10093 (full 14):
 PSYoungGen      total 5632K, used 128K [0x00000000d5580000, 0x00000000d5b80000, 0x0000000100000000)
  eden space 5120K, 0% used [0x00000000d5580000,0x00000000d5580000,0x00000000d5a80000)
  from space 512K, 25% used [0x00000000d5b00000,0x00000000d5b20000,0x00000000d5b80000)
  to   space 512K, 0% used [0x00000000d5a80000,0x00000000d5a80000,0x00000000d5b00000)
 ParOldGen       total 1278976K, used 1278726K [0x0000000080000000, 0x00000000ce100000, 0x00000000d5580000)
  object space 1278976K, 99% used [0x0000000080000000,0x00000000ce0c1910,0x00000000ce100000)
 Metaspace       used 104465K, committed 106304K, reserved 1179648K
  class space    used 10411K, committed 11264K, reserved 1048576K
}
Event: 33765.304 GC heap before
{Heap before GC invocations=10094 (full 14):
 PSYoungGen      total 5632K, used 5248K [0x00000000d5580000, 0x00000000d5b80000, 0x0000000100000000)
  eden space 5120K, 100% used [0x00000000d5580000,0x00000000d5a80000,0x00000000d5a80000)
  from space 512K, 25% used [0x00000000d5b00000,0x00000000d5b20000,0x00000000d5b80000)
  to   space 512K, 0% used [0x00000000d5a80000,0x00000000d5a80000,0x00000000d5b00000)
 ParOldGen       total 1278976K, used 1278726K [0x0000000080000000, 0x00000000ce100000, 0x00000000d5580000)
  object space 1278976K, 99% used [0x0000000080000000,0x00000000ce0c1910,0x00000000ce100000)
 Metaspace       used 104465K, committed 106304K, reserved 1179648K
  class space    used 10411K, committed 11264K, reserved 1048576K
}
Event: 33765.309 GC heap after
{Heap after GC invocations=10094 (full 14):
 PSYoungGen      total 5632K, used 213K [0x00000000d5580000, 0x00000000d5b80000, 0x0000000100000000)
  eden space 5120K, 0% used [0x00000000d5580000,0x00000000d5580000,0x00000000d5a80000)
  from space 512K, 41% used [0x00000000d5a80000,0x00000000d5ab5678,0x00000000d5b00000)
  to   space 512K, 0% used [0x00000000d5b00000,0x00000000d5b00000,0x00000000d5b80000)
 ParOldGen       total 1278976K, used 1278750K [0x0000000080000000, 0x00000000ce100000, 0x00000000d5580000)
  object space 1278976K, 99% used [0x0000000080000000,0x00000000ce0c7910,0x00000000ce100000)
 Metaspace       used 104465K, committed 106304K, reserved 1179648K
  class space    used 10411K, committed 11264K, reserved 1048576K
}
Event: 33765.452 GC heap before
{Heap before GC invocations=10095 (full 14):
 PSYoungGen      total 5632K, used 5333K [0x00000000d5580000, 0x00000000d5b80000, 0x0000000100000000)
  eden space 5120K, 100% used [0x00000000d5580000,0x00000000d5a80000,0x00000000d5a80000)
  from space 512K, 41% used [0x00000000d5a80000,0x00000000d5ab5678,0x00000000d5b00000)
  to   space 512K, 0% used [0x00000000d5b00000,0x00000000d5b00000,0x00000000d5b80000)
 ParOldGen       total 1278976K, used 1278750K [0x0000000080000000, 0x00000000ce100000, 0x00000000d5580000)
  object space 1278976K, 99% used [0x0000000080000000,0x00000000ce0c7910,0x00000000ce100000)
 Metaspace       used 104465K, committed 106304K, reserved 1179648K
  class space    used 10411K, committed 11264K, reserved 1048576K
}
Event: 33765.460 GC heap after
{Heap after GC invocations=10095 (full 14):
 PSYoungGen      total 5632K, used 128K [0x00000000d5580000, 0x00000000d5b80000, 0x0000000100000000)
  eden space 5120K, 0% used [0x00000000d5580000,0x00000000d5580000,0x00000000d5a80000)
  from space 512K, 25% used [0x00000000d5b00000,0x00000000d5b20000,0x00000000d5b80000)
  to   space 512K, 0% used [0x00000000d5a80000,0x00000000d5a80000,0x00000000d5b00000)
 ParOldGen       total 1278976K, used 1278790K [0x0000000080000000, 0x00000000ce100000, 0x00000000d5580000)
  object space 1278976K, 99% used [0x0000000080000000,0x00000000ce0d1910,0x00000000ce100000)
 Metaspace       used 104465K, committed 106304K, reserved 1179648K
  class space    used 10411K, committed 11264K, reserved 1048576K
}
Event: 33765.488 GC heap before
{Heap before GC invocations=10096 (full 14):
 PSYoungGen      total 5632K, used 5248K [0x00000000d5580000, 0x00000000d5b80000, 0x0000000100000000)
  eden space 5120K, 100% used [0x00000000d5580000,0x00000000d5a80000,0x00000000d5a80000)
  from space 512K, 25% used [0x00000000d5b00000,0x00000000d5b20000,0x00000000d5b80000)
  to   space 512K, 0% used [0x00000000d5a80000,0x00000000d5a80000,0x00000000d5b00000)
 ParOldGen       total 1278976K, used 1278790K [0x0000000080000000, 0x00000000ce100000, 0x00000000d5580000)
  object space 1278976K, 99% used [0x0000000080000000,0x00000000ce0d1910,0x00000000ce100000)
 Metaspace       used 104465K, committed 106304K, reserved 1179648K
  class space    used 10411K, committed 11264K, reserved 1048576K
}
Event: 33765.493 GC heap after
{Heap after GC invocations=10096 (full 14):
 PSYoungGen      total 5632K, used 192K [0x00000000d5580000, 0x00000000d5b80000, 0x0000000100000000)
  eden space 5120K, 0% used [0x00000000d5580000,0x00000000d5580000,0x00000000d5a80000)
  from space 512K, 37% used [0x00000000d5a80000,0x00000000d5ab0000,0x00000000d5b00000)
  to   space 512K, 0% used [0x00000000d5b00000,0x00000000d5b00000,0x00000000d5b80000)
 ParOldGen       total 1278976K, used 1278822K [0x0000000080000000, 0x00000000ce100000, 0x00000000d5580000)
  object space 1278976K, 99% used [0x0000000080000000,0x00000000ce0d9910,0x00000000ce100000)
 Metaspace       used 104465K, committed 106304K, reserved 1179648K
  class space    used 10411K, committed 11264K, reserved 1048576K
}

