# JRE version: OpenJDK Runtime Environment Temurin-21.0.11+10 (21.0.11+10) (build 21.0.11+10-LTS)
# Java VM: OpenJDK 64-Bit Server VM Temurin-21.0.11+10 (21.0.11+10-LTS, mixed mode, sharing, tiered, compressed oops, compressed class ptrs, parallel gc, windows-amd64)
GC Precious Log:
 CardTable entry size: 512
 CPUs: 4 total, 4 available
 Memory: 3783M
 Large Page Support: Disabled
 NUMA Support: Disabled
 Compressed Oops: Enabled (32-bit)
 Alignments: Space 512K, Generation 512K, Heap 2M
 Heap Min Capacity: 100M
 Heap Initial Capacity: 100M
 Heap Max Capacity: 2G
 Pre-touch: Disabled
 Parallel Workers: 4
Heap:
 PSYoungGen      total 12288K, used 5600K [0x00000000d5580000, 0x00000000d6480000, 0x0000000100000000)
  eden space 11264K, 40% used [0x00000000d5580000,0x00000000d5a00db8,0x00000000d6080000)
  from space 1024K, 96% used [0x00000000d6100000,0x00000000d61f7260,0x00000000d6200000)
  to   space 2048K, 0% used [0x00000000d6280000,0x00000000d6280000,0x00000000d6480000)
 ParOldGen       total 90112K, used 90040K [0x0000000080000000, 0x0000000085800000, 0x00000000d5580000)
  object space 90112K, 99% used [0x0000000080000000,0x00000000857ee140,0x0000000085800000)
 Metaspace       used 74017K, committed 75648K, reserved 1179648K
  class space    used 7810K, committed 8576K, reserved 1048576K
GC Heap History (20 events):
Event: 1657.498 GC heap before
{Heap before GC invocations=89 (full 3):
 PSYoungGen      total 12800K, used 11601K [0x00000000d5580000, 0x00000000d6400000, 0x0000000100000000)
  eden space 11264K, 100% used [0x00000000d5580000,0x00000000d6080000,0x00000000d6080000)
  from space 1536K, 21% used [0x00000000d6100000,0x00000000d61545c8,0x00000000d6280000)
  to   space 512K, 0% used [0x00000000d6380000,0x00000000d6380000,0x00000000d6400000)
 ParOldGen       total 82944K, used 82761K [0x0000000080000000, 0x0000000085100000, 0x00000000d5580000)
  object space 82944K, 99% used [0x0000000080000000,0x00000000850d2508,0x0000000085100000)
 Metaspace       used 70472K, committed 72064K, reserved 1114112K
  class space    used 7464K, committed 8192K, reserved 1048576K
}
Event: 1657.502 GC heap after
{Heap after GC invocations=89 (full 3):
 PSYoungGen      total 11776K, used 288K [0x00000000d5580000, 0x00000000d6400000, 0x0000000100000000)
  eden space 11264K, 0% used [0x00000000d5580000,0x00000000d5580000,0x00000000d6080000)
  from space 512K, 56% used [0x00000000d6380000,0x00000000d63c8000,0x00000000d6400000)
  to   space 512K, 0% used [0x00000000d6300000,0x00000000d6300000,0x00000000d6380000)
 ParOldGen       total 83456K, used 83050K [0x0000000080000000, 0x0000000085180000, 0x00000000d5580000)
  object space 83456K, 99% used [0x0000000080000000,0x000000008511aad0,0x0000000085180000)
 Metaspace       used 70472K, committed 72064K, reserved 1114112K
  class space    used 7464K, committed 8192K, reserved 1048576K
}
Event: 1666.057 GC heap before
{Heap before GC invocations=90 (full 3):
 PSYoungGen      total 11776K, used 11552K [0x00000000d5580000, 0x00000000d6400000, 0x0000000100000000)
  eden space 11264K, 100% used [0x00000000d5580000,0x00000000d6080000,0x00000000d6080000)
  from space 512K, 56% used [0x00000000d6380000,0x00000000d63c8000,0x00000000d6400000)
  to   space 512K, 0% used [0x00000000d6300000,0x00000000d6300000,0x00000000d6380000)
 ParOldGen       total 83456K, used 83050K [0x0000000080000000, 0x0000000085180000, 0x00000000d5580000)
  object space 83456K, 99% used [0x0000000080000000,0x000000008511aad0,0x0000000085180000)
 Metaspace       used 71834K, committed 73472K, reserved 1114112K
  class space    used 7668K, committed 8448K, reserved 1048576K
}
Event: 1666.102 GC heap after
{Heap after GC invocations=90 (full 3):
 PSYoungGen      total 11776K, used 512K [0x00000000d5580000, 0x00000000d6400000, 0x0000000100000000)
  eden space 11264K, 0% used [0x00000000d5580000,0x00000000d5580000,0x00000000d6080000)
  from space 512K, 100% used [0x00000000d6300000,0x00000000d6380000,0x00000000d6380000)
  to   space 512K, 0% used [0x00000000d6380000,0x00000000d6380000,0x00000000d6400000)
 ParOldGen       total 83456K, used 83298K [0x0000000080000000, 0x0000000085180000, 0x00000000d5580000)
  object space 83456K, 99% used [0x0000000080000000,0x0000000085158b20,0x0000000085180000)
 Metaspace       used 71834K, committed 73472K, reserved 1114112K
  class space    used 7668K, committed 8448K, reserved 1048576K
}
Event: 1987.145 GC heap before
{Heap before GC invocations=91 (full 3):
 PSYoungGen      total 11776K, used 11776K [0x00000000d5580000, 0x00000000d6400000, 0x0000000100000000)
  eden space 11264K, 100% used [0x00000000d5580000,0x00000000d6080000,0x00000000d6080000)
  from space 512K, 100% used [0x00000000d6300000,0x00000000d6380000,0x00000000d6380000)
  to   space 512K, 0% used [0x00000000d6380000,0x00000000d6380000,0x00000000d6400000)
 ParOldGen       total 83456K, used 83298K [0x0000000080000000, 0x0000000085180000, 0x00000000d5580000)
  object space 83456K, 99% used [0x0000000080000000,0x0000000085158b20,0x0000000085180000)
 Metaspace       used 72389K, committed 74112K, reserved 1179648K
  class space    used 7746K, committed 8512K, reserved 1048576K
}
Event: 1987.302 GC heap after
{Heap after GC invocations=91 (full 3):
 PSYoungGen      total 11776K, used 506K [0x00000000d5580000, 0x00000000d6400000, 0x0000000100000000)
  eden space 11264K, 0% used [0x00000000d5580000,0x00000000d5580000,0x00000000d6080000)
  from space 512K, 98% used [0x00000000d6380000,0x00000000d63fe920,0x00000000d6400000)
  to   space 1536K, 0% used [0x00000000d6100000,0x00000000d6100000,0x00000000d6280000)
 ParOldGen       total 84480K, used 84163K [0x0000000080000000, 0x0000000085280000, 0x00000000d5580000)
  object space 84480K, 99% used [0x0000000080000000,0x0000000085230fd8,0x0000000085280000)
 Metaspace       used 72389K, committed 74112K, reserved 1179648K
  class space    used 7746K, committed 8512K, reserved 1048576K
}
Event: 2825.139 GC heap before
{Heap before GC invocations=92 (full 3):
 PSYoungGen      total 11776K, used 11770K [0x00000000d5580000, 0x00000000d6400000, 0x0000000100000000)
  eden space 11264K, 100% used [0x00000000d5580000,0x00000000d6080000,0x00000000d6080000)
  from space 512K, 98% used [0x00000000d6380000,0x00000000d63fe920,0x00000000d6400000)
  to   space 1536K, 0% used [0x00000000d6100000,0x00000000d6100000,0x00000000d6280000)
 ParOldGen       total 84480K, used 84163K [0x0000000080000000, 0x0000000085280000, 0x00000000d5580000)
  object space 84480K, 99% used [0x0000000080000000,0x0000000085230fd8,0x0000000085280000)
 Metaspace       used 72498K, committed 74176K, reserved 1179648K
  class space    used 7749K, committed 8512K, reserved 1048576K
}
Event: 2825.232 GC heap after
{Heap after GC invocations=92 (full 3):
 PSYoungGen      total 12800K, used 496K [0x00000000d5580000, 0x00000000d6400000, 0x0000000100000000)
  eden space 11264K, 0% used [0x00000000d5580000,0x00000000d5580000,0x00000000d6080000)
  from space 1536K, 32% used [0x00000000d6100000,0x00000000d617c050,0x00000000d6280000)
  to   space 1024K, 0% used [0x00000000d6300000,0x00000000d6300000,0x00000000d6400000)
 ParOldGen       total 84992K, used 84579K [0x0000000080000000, 0x0000000085300000, 0x00000000d5580000)
  object space 84992K, 99% used [0x0000000080000000,0x0000000085298ff8,0x0000000085300000)
 Metaspace       used 72498K, committed 74176K, reserved 1179648K
  class space    used 7749K, committed 8512K, reserved 1048576K
}
Event: 2827.589 GC heap before
{Heap before GC invocations=93 (full 3):
 PSYoungGen      total 12800K, used 11759K [0x00000000d5580000, 0x00000000d6400000, 0x0000000100000000)
  eden space 11264K, 99% used [0x00000000d5580000,0x00000000d607fe20,0x00000000d6080000)
  from space 1536K, 32% used [0x00000000d6100000,0x00000000d617c050,0x00000000d6280000)
  to   space 1024K, 0% used [0x00000000d6300000,0x00000000d6300000,0x00000000d6400000)
 ParOldGen       total 84992K, used 84579K [0x0000000080000000, 0x0000000085300000, 0x00000000d5580000)
  object space 84992K, 99% used [0x0000000080000000,0x0000000085298ff8,0x0000000085300000)
 Metaspace       used 72737K, committed 74432K, reserved 1179648K
  class space    used 7757K, committed 8512K, reserved 1048576K
}
Event: 2827.598 GC heap after
{Heap after GC invocations=93 (full 3):
 PSYoungGen      total 12288K, used 1003K [0x00000000d5580000, 0x00000000d6400000, 0x0000000100000000)
  eden space 11264K, 0% used [0x00000000d5580000,0x00000000d5580000,0x00000000d6080000)
  from space 1024K, 97% used [0x00000000d6300000,0x00000000d63fade8,0x00000000d6400000)
  to   space 1536K, 0% used [0x00000000d6100000,0x00000000d6100000,0x00000000d6280000)
 ParOldGen       total 84992K, used 84820K [0x0000000080000000, 0x0000000085300000, 0x00000000d5580000)
  object space 84992K, 99% used [0x0000000080000000,0x00000000852d5038,0x0000000085300000)
 Metaspace       used 72737K, committed 74432K, reserved 1179648K
  class space    used 7757K, committed 8512K, reserved 1048576K
}
Event: 3144.014 GC heap before
{Heap before GC invocations=94 (full 3):
 PSYoungGen      total 12288K, used 12267K [0x00000000d5580000, 0x00000000d6400000, 0x0000000100000000)
  eden space 11264K, 100% used [0x00000000d5580000,0x00000000d6080000,0x00000000d6080000)
  from space 1024K, 97% used [0x00000000d6300000,0x00000000d63fade8,0x00000000d6400000)
  to   space 1536K, 0% used [0x00000000d6100000,0x00000000d6100000,0x00000000d6280000)
 ParOldGen       total 84992K, used 84820K [0x0000000080000000, 0x0000000085300000, 0x00000000d5580000)
  object space 84992K, 99% used [0x0000000080000000,0x00000000852d5038,0x0000000085300000)
 Metaspace       used 73009K, committed 74688K, reserved 1179648K
  class space    used 7785K, committed 8576K, reserved 1048576K
}
Event: 3144.130 GC heap after
{Heap after GC invocations=94 (full 3):
 PSYoungGen      total 12800K, used 836K [0x00000000d5580000, 0x00000000d6380000, 0x0000000100000000)
  eden space 11264K, 0% used [0x00000000d5580000,0x00000000d5580000,0x00000000d6080000)
  from space 1536K, 54% used [0x00000000d6100000,0x00000000d61d1230,0x00000000d6280000)
  to   space 1024K, 0% used [0x00000000d6280000,0x00000000d6280000,0x00000000d6380000)
 ParOldGen       total 86016K, used 85756K [0x0000000080000000, 0x0000000085400000, 0x00000000d5580000)
  object space 86016K, 99% used [0x0000000080000000,0x00000000853bf278,0x0000000085400000)
 Metaspace       used 73009K, committed 74688K, reserved 1179648K
  class space    used 7785K, committed 8576K, reserved 1048576K
}
Event: 3475.739 GC heap before
{Heap before GC invocations=95 (full 3):
 PSYoungGen      total 12800K, used 12100K [0x00000000d5580000, 0x00000000d6380000, 0x0000000100000000)
  eden space 11264K, 100% used [0x00000000d5580000,0x00000000d6080000,0x00000000d6080000)
  from space 1536K, 54% used [0x00000000d6100000,0x00000000d61d1230,0x00000000d6280000)
  to   space 1024K, 0% used [0x00000000d6280000,0x00000000d6280000,0x00000000d6380000)
 ParOldGen       total 86016K, used 85756K [0x0000000080000000, 0x0000000085400000, 0x00000000d5580000)
  object space 86016K, 99% used [0x0000000080000000,0x00000000853bf278,0x0000000085400000)
 Metaspace       used 73103K, committed 74816K, reserved 1179648K
  class space    used 7787K, committed 8576K, reserved 1048576K
}
Event: 3475.768 GC heap after
{Heap after GC invocations=95 (full 3):
 PSYoungGen      total 12288K, used 1001K [0x00000000d5580000, 0x00000000d6480000, 0x0000000100000000)
  eden space 11264K, 0% used [0x00000000d5580000,0x00000000d5580000,0x00000000d6080000)
  from space 1024K, 97% used [0x00000000d6280000,0x00000000d637a430,0x00000000d6380000)
  to   space 2048K, 0% used [0x00000000d6080000,0x00000000d6080000,0x00000000d6280000)
 ParOldGen       total 86528K, used 86352K [0x0000000080000000, 0x0000000085480000, 0x00000000d5580000)
  object space 86528K, 99% used [0x0000000080000000,0x0000000085454368,0x0000000085480000)
 Metaspace       used 73103K, committed 74816K, reserved 1179648K
  class space    used 7787K, committed 8576K, reserved 1048576K
}
Event: 6357.003 GC heap before
{Heap before GC invocations=96 (full 3):
 PSYoungGen      total 12288K, used 12265K [0x00000000d5580000, 0x00000000d6480000, 0x0000000100000000)
  eden space 11264K, 100% used [0x00000000d5580000,0x00000000d6080000,0x00000000d6080000)
  from space 1024K, 97% used [0x00000000d6280000,0x00000000d637a430,0x00000000d6380000)
  to   space 2048K, 0% used [0x00000000d6080000,0x00000000d6080000,0x00000000d6280000)
 ParOldGen       total 86528K, used 86352K [0x0000000080000000, 0x0000000085480000, 0x00000000d5580000)
  object space 86528K, 99% used [0x0000000080000000,0x0000000085454368,0x0000000085480000)
 Metaspace       used 73216K, committed 74880K, reserved 1179648K
  class space    used 7788K, committed 8576K, reserved 1048576K
}
Event: 6357.113 GC heap after
{Heap after GC invocations=96 (full 3):
 PSYoungGen      total 13312K, used 2034K [0x00000000d5580000, 0x00000000d6780000, 0x0000000100000000)
  eden space 11264K, 0% used [0x00000000d5580000,0x00000000d5580000,0x00000000d6080000)
  from space 2048K, 99% used [0x00000000d6080000,0x00000000d627c870,0x00000000d6280000)
  to   space 3584K, 0% used [0x00000000d6400000,0x00000000d6400000,0x00000000d6780000)
 ParOldGen       total 87552K, used 87529K [0x0000000080000000, 0x0000000085580000, 0x00000000d5580000)
  object space 87552K, 99% used [0x0000000080000000,0x000000008557a7c8,0x0000000085580000)
 Metaspace       used 73216K, committed 74880K, reserved 1179648K
  class space    used 7788K, committed 8576K, reserved 1048576K
}
Event: 6358.925 GC heap before
{Heap before GC invocations=97 (full 3):
 PSYoungGen      total 13312K, used 13298K [0x00000000d5580000, 0x00000000d6780000, 0x0000000100000000)
  eden space 11264K, 100% used [0x00000000d5580000,0x00000000d6080000,0x00000000d6080000)
  from space 2048K, 99% used [0x00000000d6080000,0x00000000d627c870,0x00000000d6280000)
  to   space 3584K, 0% used [0x00000000d6400000,0x00000000d6400000,0x00000000d6780000)
 ParOldGen       total 87552K, used 87529K [0x0000000080000000, 0x0000000085580000, 0x00000000d5580000)
  object space 87552K, 99% used [0x0000000080000000,0x000000008557a7c8,0x0000000085580000)
 Metaspace       used 73629K, committed 75328K, reserved 1179648K
  class space    used 7789K, committed 8576K, reserved 1048576K
}
Event: 6358.937 GC heap after
{Heap after GC invocations=97 (full 3):
 PSYoungGen      total 14336K, used 2749K [0x00000000d5580000, 0x00000000d6700000, 0x0000000100000000)
  eden space 11264K, 0% used [0x00000000d5580000,0x00000000d5580000,0x00000000d6080000)
  from space 3072K, 89% used [0x00000000d6400000,0x00000000d66af648,0x00000000d6700000)
  to   space 3072K, 0% used [0x00000000d6100000,0x00000000d6100000,0x00000000d6400000)
 ParOldGen       total 88576K, used 88475K [0x0000000080000000, 0x0000000085680000, 0x00000000d5580000)
  object space 88576K, 99% used [0x0000000080000000,0x0000000085666e38,0x0000000085680000)
 Metaspace       used 73629K, committed 75328K, reserved 1179648K
  class space    used 7789K, committed 8576K, reserved 1048576K
}
Event: 6363.640 GC heap before
{Heap before GC invocations=98 (full 3):
 PSYoungGen      total 14336K, used 13296K [0x00000000d5580000, 0x00000000d6700000, 0x0000000100000000)
  eden space 11264K, 93% used [0x00000000d5580000,0x00000000d5fcccb0,0x00000000d6080000)
  from space 3072K, 89% used [0x00000000d6400000,0x00000000d66af648,0x00000000d6700000)
  to   space 3072K, 0% used [0x00000000d6100000,0x00000000d6100000,0x00000000d6400000)
 ParOldGen       total 88576K, used 88475K [0x0000000080000000, 0x0000000085680000, 0x00000000d5580000)
  object space 88576K, 99% used [0x0000000080000000,0x0000000085666e38,0x0000000085680000)
 Metaspace       used 73961K, committed 75648K, reserved 1179648K
  class space    used 7803K, committed 8576K, reserved 1048576K
}
Event: 6363.654 GC heap after
{Heap after GC invocations=98 (full 3):
 PSYoungGen      total 12288K, used 988K [0x00000000d5580000, 0x00000000d6480000, 0x0000000100000000)
  eden space 11264K, 0% used [0x00000000d5580000,0x00000000d5580000,0x00000000d6080000)
  from space 1024K, 96% used [0x00000000d6100000,0x00000000d61f7260,0x00000000d6200000)
  to   space 2048K, 0% used [0x00000000d6280000,0x00000000d6280000,0x00000000d6480000)
 ParOldGen       total 90112K, used 90040K [0x0000000080000000, 0x0000000085800000, 0x00000000d5580000)
  object space 90112K, 99% used [0x0000000080000000,0x00000000857ee140,0x0000000085800000)
 Metaspace       used 73961K, committed 75648K, reserved 1179648K
  class space    used 7803K, committed 8576K, reserved 1048576K
}

