# JRE version: OpenJDK Runtime Environment Temurin-21.0.11+10 (21.0.11+10) (build 21.0.11+10-LTS)
# Java VM: OpenJDK 64-Bit Server VM Temurin-21.0.11+10 (21.0.11+10-LTS, mixed mode, sharing, tiered, compressed oops, compressed class ptrs, parallel gc, windows-amd64)
GC Precious Log:
 CardTable entry size: 512
 CPUs: 4 total, 4 available
 Memory: 3783M
 Large Page Support: Disabled
 NUMA Support: Disabled
 Compressed Oops: Enabled (32-bit)
 Alignments: Space 512K, Generation 512K, Heap 2M
 Heap Min Capacity: 100M
 Heap Initial Capacity: 100M
 Heap Max Capacity: 2G
 Pre-touch: Disabled
 Parallel Workers: 4
Heap:
 PSYoungGen      total 1536K, used 853K [0x00000000d5580000, 0x00000000d5800000, 0x0000000100000000)
  eden space 1024K, 70% used [0x00000000d5580000,0x00000000d5635750,0x00000000d5680000)
  from space 512K, 25% used [0x00000000d5780000,0x00000000d57a0000,0x00000000d5800000)
  to   space 512K, 0% used [0x00000000d5700000,0x00000000d5700000,0x00000000d5780000)
 ParOldGen       total 441344K, used 441105K [0x0000000080000000, 0x000000009af00000, 0x00000000d5580000)
  object space 441344K, 99% used [0x0000000080000000,0x000000009aec4730,0x000000009af00000)
 Metaspace       used 89006K, committed 90624K, reserved 1179648K
  class space    used 8939K, committed 9664K, reserved 1048576K
GC Heap History (20 events):
Event: 28622.648 GC heap before
{Heap before GC invocations=1528 (full 5):
 PSYoungGen      total 1536K, used 1307K [0x00000000d5580000, 0x00000000d5800000, 0x0000000100000000)
  eden space 1024K, 99% used [0x00000000d5580000,0x00000000d567edc8,0x00000000d5680000)
  from space 512K, 56% used [0x00000000d5780000,0x00000000d57c8000,0x00000000d5800000)
  to   space 512K, 0% used [0x00000000d5700000,0x00000000d5700000,0x00000000d5780000)
 ParOldGen       total 439296K, used 438916K [0x0000000080000000, 0x000000009ad00000, 0x00000000d5580000)
  object space 439296K, 99% used [0x0000000080000000,0x000000009aca13b8,0x000000009ad00000)
 Metaspace       used 89001K, committed 90624K, reserved 1179648K
  class space    used 8939K, committed 9664K, reserved 1048576K
}
Event: 28622.653 GC heap after
{Heap after GC invocations=1528 (full 5):
 PSYoungGen      total 1536K, used 218K [0x00000000d5580000, 0x00000000d5800000, 0x0000000100000000)
  eden space 1024K, 0% used [0x00000000d5580000,0x00000000d5580000,0x00000000d5680000)
  from space 512K, 42% used [0x00000000d5700000,0x00000000d5736900,0x00000000d5780000)
  to   space 512K, 0% used [0x00000000d5780000,0x00000000d5780000,0x00000000d5800000)
 ParOldGen       total 439296K, used 439129K [0x0000000080000000, 0x000000009ad00000, 0x00000000d5580000)
  object space 439296K, 99% used [0x0000000080000000,0x000000009acd65d8,0x000000009ad00000)
 Metaspace       used 89001K, committed 90624K, reserved 1179648K
  class space    used 8939K, committed 9664K, reserved 1048576K
}
Event: 28622.671 GC heap before
{Heap before GC invocations=1529 (full 5):
 PSYoungGen      total 1536K, used 1242K [0x00000000d5580000, 0x00000000d5800000, 0x0000000100000000)
  eden space 1024K, 100% used [0x00000000d5580000,0x00000000d5680000,0x00000000d5680000)
  from space 512K, 42% used [0x00000000d5700000,0x00000000d5736900,0x00000000d5780000)
  to   space 512K, 0% used [0x00000000d5780000,0x00000000d5780000,0x00000000d5800000)
 ParOldGen       total 439296K, used 439129K [0x0000000080000000, 0x000000009ad00000, 0x00000000d5580000)
  object space 439296K, 99% used [0x0000000080000000,0x000000009acd65d8,0x000000009ad00000)
 Metaspace       used 89001K, committed 90624K, reserved 1179648K
  class space    used 8939K, committed 9664K, reserved 1048576K
}
Event: 28622.678 GC heap after
{Heap after GC invocations=1529 (full 5):
 PSYoungGen      total 1536K, used 498K [0x00000000d5580000, 0x00000000d5880000, 0x0000000100000000)
  eden space 1024K, 0% used [0x00000000d5580000,0x00000000d5580000,0x00000000d5680000)
  from space 512K, 97% used [0x00000000d5780000,0x00000000d57fc908,0x00000000d5800000)
  to   space 1024K, 0% used [0x00000000d5680000,0x00000000d5680000,0x00000000d5780000)
 ParOldGen       total 439808K, used 439349K [0x0000000080000000, 0x000000009ad80000, 0x00000000d5580000)
  object space 439808K, 99% used [0x0000000080000000,0x000000009ad0d7d8,0x000000009ad80000)
 Metaspace       used 89001K, committed 90624K, reserved 1179648K
  class space    used 8939K, committed 9664K, reserved 1048576K
}
Event: 28622.862 GC heap before
{Heap before GC invocations=1530 (full 5):
 PSYoungGen      total 1536K, used 1522K [0x00000000d5580000, 0x00000000d5880000, 0x0000000100000000)
  eden space 1024K, 100% used [0x00000000d5580000,0x00000000d5680000,0x00000000d5680000)
  from space 512K, 97% used [0x00000000d5780000,0x00000000d57fc908,0x00000000d5800000)
  to   space 1024K, 0% used [0x00000000d5680000,0x00000000d5680000,0x00000000d5780000)
 ParOldGen       total 439808K, used 439349K [0x0000000080000000, 0x000000009ad80000, 0x00000000d5580000)
  object space 439808K, 99% used [0x0000000080000000,0x000000009ad0d7d8,0x000000009ad80000)
 Metaspace       used 89001K, committed 90624K, reserved 1179648K
  class space    used 8939K, committed 9664K, reserved 1048576K
}
Event: 28622.869 GC heap after
{Heap after GC invocations=1530 (full 5):
 PSYoungGen      total 2048K, used 368K [0x00000000d5580000, 0x00000000d5800000, 0x0000000100000000)
  eden space 1024K, 0% used [0x00000000d5580000,0x00000000d5580000,0x00000000d5680000)
  from space 1024K, 35% used [0x00000000d5680000,0x00000000d56dc010,0x00000000d5780000)
  to   space 512K, 0% used [0x00000000d5780000,0x00000000d5780000,0x00000000d5800000)
 ParOldGen       total 439808K, used 439768K [0x0000000080000000, 0x000000009ad80000, 0x00000000d5580000)
  object space 439808K, 99% used [0x0000000080000000,0x000000009ad760e0,0x000000009ad80000)
 Metaspace       used 89001K, committed 90624K, reserved 1179648K
  class space    used 8939K, committed 9664K, reserved 1048576K
}
Event: 28622.956 GC heap before
{Heap before GC invocations=1531 (full 5):
 PSYoungGen      total 2048K, used 1392K [0x00000000d5580000, 0x00000000d5800000, 0x0000000100000000)
  eden space 1024K, 100% used [0x00000000d5580000,0x00000000d5680000,0x00000000d5680000)
  from space 1024K, 35% used [0x00000000d5680000,0x00000000d56dc010,0x00000000d5780000)
  to   space 512K, 0% used [0x00000000d5780000,0x00000000d5780000,0x00000000d5800000)
 ParOldGen       total 439808K, used 439768K [0x0000000080000000, 0x000000009ad80000, 0x00000000d5580000)
  object space 439808K, 99% used [0x0000000080000000,0x000000009ad760e0,0x000000009ad80000)
 Metaspace       used 89001K, committed 90624K, reserved 1179648K
  class space    used 8939K, committed 9664K, reserved 1048576K
}
Event: 28622.961 GC heap after
{Heap after GC invocations=1531 (full 5):
 PSYoungGen      total 1536K, used 384K [0x00000000d5580000, 0x00000000d5800000, 0x0000000100000000)
  eden space 1024K, 0% used [0x00000000d5580000,0x00000000d5580000,0x00000000d5680000)
  from space 512K, 75% used [0x00000000d5780000,0x00000000d57e0000,0x00000000d5800000)
  to   space 512K, 0% used [0x00000000d5700000,0x00000000d5700000,0x00000000d5780000)
 ParOldGen       total 440320K, used 440128K [0x0000000080000000, 0x000000009ae00000, 0x00000000d5580000)
  object space 440320K, 99% used [0x0000000080000000,0x000000009add0100,0x000000009ae00000)
 Metaspace       used 89001K, committed 90624K, reserved 1179648K
  class space    used 8939K, committed 9664K, reserved 1048576K
}
Event: 28623.121 GC heap before
{Heap before GC invocations=1532 (full 5):
 PSYoungGen      total 1536K, used 1408K [0x00000000d5580000, 0x00000000d5800000, 0x0000000100000000)
  eden space 1024K, 100% used [0x00000000d5580000,0x00000000d5680000,0x00000000d5680000)
  from space 512K, 75% used [0x00000000d5780000,0x00000000d57e0000,0x00000000d5800000)
  to   space 512K, 0% used [0x00000000d5700000,0x00000000d5700000,0x00000000d5780000)
 ParOldGen       total 440320K, used 440128K [0x0000000080000000, 0x000000009ae00000, 0x00000000d5580000)
  object space 440320K, 99% used [0x0000000080000000,0x000000009add0100,0x000000009ae00000)
 Metaspace       used 89002K, committed 90624K, reserved 1179648K
  class space    used 8939K, committed 9664K, reserved 1048576K
}
Event: 28623.134 GC heap after
{Heap after GC invocations=1532 (full 5):
 PSYoungGen      total 1536K, used 416K [0x00000000d5580000, 0x00000000d5800000, 0x0000000100000000)
  eden space 1024K, 0% used [0x00000000d5580000,0x00000000d5580000,0x00000000d5680000)
  from space 512K, 81% used [0x00000000d5700000,0x00000000d5768000,0x00000000d5780000)
  to   space 512K, 0% used [0x00000000d5780000,0x00000000d5780000,0x00000000d5800000)
 ParOldGen       total 440832K, used 440456K [0x0000000080000000, 0x000000009ae80000, 0x00000000d5580000)
  object space 440832K, 99% used [0x0000000080000000,0x000000009ae22100,0x000000009ae80000)
 Metaspace       used 89002K, committed 90624K, reserved 1179648K
  class space    used 8939K, committed 9664K, reserved 1048576K
}
Event: 28627.543 GC heap before
{Heap before GC invocations=1533 (full 5):
 PSYoungGen      total 1536K, used 1435K [0x00000000d5580000, 0x00000000d5800000, 0x0000000100000000)
  eden space 1024K, 99% used [0x00000000d5580000,0x00000000d567ee50,0x00000000d5680000)
  from space 512K, 81% used [0x00000000d5700000,0x00000000d5768000,0x00000000d5780000)
  to   space 512K, 0% used [0x00000000d5780000,0x00000000d5780000,0x00000000d5800000)
 ParOldGen       total 440832K, used 440456K [0x0000000080000000, 0x000000009ae80000, 0x00000000d5580000)
  object space 440832K, 99% used [0x0000000080000000,0x000000009ae22100,0x000000009ae80000)
 Metaspace       used 89002K, committed 90624K, reserved 1179648K
  class space    used 8939K, committed 9664K, reserved 1048576K
}
Event: 28627.548 GC heap after
{Heap after GC invocations=1533 (full 5):
 PSYoungGen      total 1536K, used 256K [0x00000000d5580000, 0x00000000d5800000, 0x0000000100000000)
  eden space 1024K, 0% used [0x00000000d5580000,0x00000000d5580000,0x00000000d5680000)
  from space 512K, 50% used [0x00000000d5780000,0x00000000d57c0000,0x00000000d5800000)
  to   space 512K, 0% used [0x00000000d5700000,0x00000000d5700000,0x00000000d5780000)
 ParOldGen       total 440832K, used 440788K [0x0000000080000000, 0x000000009ae80000, 0x00000000d5580000)
  object space 440832K, 99% used [0x0000000080000000,0x000000009ae75020,0x000000009ae80000)
 Metaspace       used 89002K, committed 90624K, reserved 1179648K
  class space    used 8939K, committed 9664K, reserved 1048576K
}
Event: 28628.826 GC heap before
{Heap before GC invocations=1534 (full 5):
 PSYoungGen      total 1536K, used 1280K [0x00000000d5580000, 0x00000000d5800000, 0x0000000100000000)
  eden space 1024K, 100% used [0x00000000d5580000,0x00000000d5680000,0x00000000d5680000)
  from space 512K, 50% used [0x00000000d5780000,0x00000000d57c0000,0x00000000d5800000)
  to   space 512K, 0% used [0x00000000d5700000,0x00000000d5700000,0x00000000d5780000)
 ParOldGen       total 440832K, used 440788K [0x0000000080000000, 0x000000009ae80000, 0x00000000d5580000)
  object space 440832K, 99% used [0x0000000080000000,0x000000009ae75020,0x000000009ae80000)
 Metaspace       used 89002K, committed 90624K, reserved 1179648K
  class space    used 8939K, committed 9664K, reserved 1048576K
}
Event: 28628.834 GC heap after
{Heap after GC invocations=1534 (full 5):
 PSYoungGen      total 1536K, used 160K [0x00000000d5580000, 0x00000000d5800000, 0x0000000100000000)
  eden space 1024K, 0% used [0x00000000d5580000,0x00000000d5580000,0x00000000d5680000)
  from space 512K, 31% used [0x00000000d5700000,0x00000000d5728000,0x00000000d5780000)
  to   space 512K, 0% used [0x00000000d5780000,0x00000000d5780000,0x00000000d5800000)
 ParOldGen       total 441344K, used 440945K [0x0000000080000000, 0x000000009af00000, 0x00000000d5580000)
  object space 441344K, 99% used [0x0000000080000000,0x000000009ae9c730,0x000000009af00000)
 Metaspace       used 89002K, committed 90624K, reserved 1179648K
  class space    used 8939K, committed 9664K, reserved 1048576K
}
Event: 28629.521 GC heap before
{Heap before GC invocations=1535 (full 5):
 PSYoungGen      total 1536K, used 1184K [0x00000000d5580000, 0x00000000d5800000, 0x0000000100000000)
  eden space 1024K, 100% used [0x00000000d5580000,0x00000000d5680000,0x00000000d5680000)
  from space 512K, 31% used [0x00000000d5700000,0x00000000d5728000,0x00000000d5780000)
  to   space 512K, 0% used [0x00000000d5780000,0x00000000d5780000,0x00000000d5800000)
 ParOldGen       total 441344K, used 440945K [0x0000000080000000, 0x000000009af00000, 0x00000000d5580000)
  object space 441344K, 99% used [0x0000000080000000,0x000000009ae9c730,0x000000009af00000)
 Metaspace       used 89005K, committed 90624K, reserved 1179648K
  class space    used 8939K, committed 9664K, reserved 1048576K
}
Event: 28629.532 GC heap after
{Heap after GC invocations=1535 (full 5):
 PSYoungGen      total 1536K, used 256K [0x00000000d5580000, 0x00000000d5800000, 0x0000000100000000)
  eden space 1024K, 0% used [0x00000000d5580000,0x00000000d5580000,0x00000000d5680000)
  from space 512K, 50% used [0x00000000d5780000,0x00000000d57c0000,0x00000000d5800000)
  to   space 512K, 0% used [0x00000000d5700000,0x00000000d5700000,0x00000000d5780000)
 ParOldGen       total 441344K, used 441017K [0x0000000080000000, 0x000000009af00000, 0x00000000d5580000)
  object space 441344K, 99% used [0x0000000080000000,0x000000009aeae730,0x000000009af00000)
 Metaspace       used 89005K, committed 90624K, reserved 1179648K
  class space    used 8939K, committed 9664K, reserved 1048576K
}
Event: 28629.620 GC heap before
{Heap before GC invocations=1536 (full 5):
 PSYoungGen      total 1536K, used 1280K [0x00000000d5580000, 0x00000000d5800000, 0x0000000100000000)
  eden space 1024K, 100% used [0x00000000d5580000,0x00000000d5680000,0x00000000d5680000)
  from space 512K, 50% used [0x00000000d5780000,0x00000000d57c0000,0x00000000d5800000)
  to   space 512K, 0% used [0x00000000d5700000,0x00000000d5700000,0x00000000d5780000)
 ParOldGen       total 441344K, used 441017K [0x0000000080000000, 0x000000009af00000, 0x00000000d5580000)
  object space 441344K, 99% used [0x0000000080000000,0x000000009aeae730,0x000000009af00000)
 Metaspace       used 89006K, committed 90624K, reserved 1179648K
  class space    used 8939K, committed 9664K, reserved 1048576K
}
Event: 28629.624 GC heap after
{Heap after GC invocations=1536 (full 5):
 PSYoungGen      total 1536K, used 160K [0x00000000d5580000, 0x00000000d5800000, 0x0000000100000000)
  eden space 1024K, 0% used [0x00000000d5580000,0x00000000d5580000,0x00000000d5680000)
  from space 512K, 31% used [0x00000000d5700000,0x00000000d5728000,0x00000000d5780000)
  to   space 512K, 0% used [0x00000000d5780000,0x00000000d5780000,0x00000000d5800000)
 ParOldGen       total 441344K, used 441081K [0x0000000080000000, 0x000000009af00000, 0x00000000d5580000)
  object space 441344K, 99% used [0x0000000080000000,0x000000009aebe730,0x000000009af00000)
 Metaspace       used 89006K, committed 90624K, reserved 1179648K
  class space    used 8939K, committed 9664K, reserved 1048576K
}
Event: 28629.720 GC heap before
{Heap before GC invocations=1537 (full 5):
 PSYoungGen      total 1536K, used 1184K [0x00000000d5580000, 0x00000000d5800000, 0x0000000100000000)
  eden space 1024K, 100% used [0x00000000d5580000,0x00000000d5680000,0x00000000d5680000)
  from space 512K, 31% used [0x00000000d5700000,0x00000000d5728000,0x00000000d5780000)
  to   space 512K, 0% used [0x00000000d5780000,0x00000000d5780000,0x00000000d5800000)
 ParOldGen       total 441344K, used 441081K [0x0000000080000000, 0x000000009af00000, 0x00000000d5580000)
  object space 441344K, 99% used [0x0000000080000000,0x000000009aebe730,0x000000009af00000)
 Metaspace       used 89006K, committed 90624K, reserved 1179648K
  class space    used 8939K, committed 9664K, reserved 1048576K
}
Event: 28629.724 GC heap after
{Heap after GC invocations=1537 (full 5):
 PSYoungGen      total 1536K, used 128K [0x00000000d5580000, 0x00000000d5800000, 0x0000000100000000)
  eden space 1024K, 0% used [0x00000000d5580000,0x00000000d5580000,0x00000000d5680000)
  from space 512K, 25% used [0x00000000d5780000,0x00000000d57a0000,0x00000000d5800000)
  to   space 512K, 0% used [0x00000000d5700000,0x00000000d5700000,0x00000000d5780000)
 ParOldGen       total 441344K, used 441105K [0x0000000080000000, 0x000000009af00000, 0x00000000d5580000)
  object space 441344K, 99% used [0x0000000080000000,0x000000009aec4730,0x000000009af00000)
 Metaspace       used 89006K, committed 90624K, reserved 1179648K
  class space    used 8939K, committed 9664K, reserved 1048576K
}

